
R version 3.5.1 (2018-07-02) -- "Feather Spray"
Copyright (C) 2018 The R Foundation for Statistical Computing
Platform: x86_64-w64-mingw32/x64 (64-bit)

R is free software and comes with ABSOLUTELY NO WARRANTY.
You are welcome to redistribute it under certain conditions.
Type 'license()' or 'licence()' for distribution details.

  Natural language support but running in an English locale

R is a collaborative project with many contributors.
Type 'contributors()' for more information and
'citation()' on how to cite R or R packages in publications.

Type 'demo()' for some demos, 'help()' for on-line help, or
'help.start()' for an HTML browser interface to help.
Type 'q()' to quit R.

> rawdat <- read.csv('in.csv',header=FALSE)
> 
> #Extract the data we need
> wind.anmax <- rawdat[,1]
> len <- lengths(rawdat)
> 
> #Process the data
> ti = matrix(ncol=1,nrow=len)
> ti[,1] = seq(1,len,1)
> mle <- gum.fit(wind.anmax,ydat=ti,mul=1)
Error in gum.fit(wind.anmax, ydat = ti, mul = 1) : 
  could not find function "gum.fit"
Execution halted
